*** Starting uWSGI 2.0.17 (64bit) on [Wed May  9 11:46:25 2018] ***
compiled with version: 5.4.0 20160609 on 09 May 2018 09:38:38
os: Linux-4.4.0-21-generic #37-Ubuntu SMP Mon Apr 18 18:33:37 UTC 2016
nodename: edugastp
machine: x86_64
clock source: unix
pcre jit disabled
detected number of CPU cores: 4
current working directory: /home/jnaud/var/github/snippet/softs_web/ngnix/examples/uwsgi_flask
detected binary path: /home/jnaud/var/github/snippet/venv/bin/uwsgi
chdir() to /home/jnaud/var/github/snippet/languages/python/flask
your processes number limit is 31442
your memory page size is 4096 bytes
 *** WARNING: you have enabled harakiri without post buffering. Slow upload could be rejected on post-unbuffered webservers *** 
detected max file descriptor number: 1024
lock engine: pthread robust mutexes
thunder lock: disabled (you can enable it with --thunder-lock)
uwsgi socket 0 bound to TCP address :3031 fd 5
Python version: 3.5.4 (default, Sep 25 2017, 10:28:20)  [GCC 5.4.0 20160609]
Set PythonHome to /home/jnaud/var/github/snippet/venv
Python main interpreter initialized at 0x29eda20
python threads support enabled
your server socket listen backlog is limited to 100 connections
your mercy for graceful operations on workers is 60 seconds
mapped 1357920 bytes (1326 KB) for 80 cores
*** Operational MODE: preforking+threaded ***
WSGI app 0 (mountpoint='') ready in 0 seconds on interpreter 0x29eda20 pid: 17018 (default app)
*** uWSGI is running in multiple interpreter mode ***
spawned uWSGI master process (pid: 17018)
spawned uWSGI worker 1 (pid: 17022, cores: 20)
spawned uWSGI worker 2 (pid: 17023, cores: 20)
spawned uWSGI worker 3 (pid: 17024, cores: 20)
spawned uWSGI worker 4 (pid: 17044, cores: 20)
...brutally killing workers...
worker 1 buried after 1 seconds
worker 2 buried after 1 seconds
worker 3 buried after 1 seconds
worker 4 buried after 1 seconds
binary reloading uWSGI...
chdir() to /home/jnaud/var/github/snippet/softs_web/ngnix/examples/uwsgi_flask
closing all non-uwsgi socket fds > 2 (max_fd = 1024)...
found fd 5 mapped to socket 0 (:3031)
running /home/jnaud/var/github/snippet/venv/bin/uwsgi
[uWSGI] getting INI configuration from uwsgi.ini
*** Starting uWSGI 2.0.17 (64bit) on [Wed May  9 11:46:36 2018] ***
compiled with version: 5.4.0 20160609 on 09 May 2018 09:38:38
os: Linux-4.4.0-21-generic #37-Ubuntu SMP Mon Apr 18 18:33:37 UTC 2016
nodename: edugastp
machine: x86_64
clock source: unix
pcre jit disabled
detected number of CPU cores: 4
current working directory: /home/jnaud/var/github/snippet/softs_web/ngnix/examples/uwsgi_flask
detected binary path: /home/jnaud/var/github/snippet/venv/bin/uwsgi
chdir() to /home/jnaud/var/github/snippet/languages/python/flask
your processes number limit is 31442
your memory page size is 4096 bytes
 *** WARNING: you have enabled harakiri without post buffering. Slow upload could be rejected on post-unbuffered webservers *** 
detected max file descriptor number: 1024
lock engine: pthread robust mutexes
thunder lock: disabled (you can enable it with --thunder-lock)
uwsgi socket 0 inherited INET address :3031 fd 5
Python version: 3.5.4 (default, Sep 25 2017, 10:28:20)  [GCC 5.4.0 20160609]
Set PythonHome to /home/jnaud/var/github/snippet/venv
Python main interpreter initialized at 0x12d1820
python threads support enabled
your server socket listen backlog is limited to 100 connections
your mercy for graceful operations on workers is 60 seconds
mapped 1357920 bytes (1326 KB) for 80 cores
*** Operational MODE: preforking+threaded ***
WSGI app 0 (mountpoint='') ready in 1 seconds on interpreter 0x12d1820 pid: 17018 (default app)
*** uWSGI is running in multiple interpreter mode ***
gracefully (RE)spawned uWSGI master process (pid: 17018)
spawned uWSGI worker 1 (pid: 17108, cores: 20)
spawned uWSGI worker 2 (pid: 17109, cores: 20)
spawned uWSGI worker 3 (pid: 17110, cores: 20)
spawned uWSGI worker 4 (pid: 17114, cores: 20)
...brutally killing workers...
worker 1 buried after 1 seconds
worker 2 buried after 1 seconds
worker 3 buried after 1 seconds
worker 4 buried after 1 seconds
binary reloading uWSGI...
chdir() to /home/jnaud/var/github/snippet/softs_web/ngnix/examples/uwsgi_flask
closing all non-uwsgi socket fds > 2 (max_fd = 1024)...
found fd 5 mapped to socket 0 (:3031)
running /home/jnaud/var/github/snippet/venv/bin/uwsgi
[uWSGI] getting INI configuration from uwsgi.ini
*** Starting uWSGI 2.0.17 (64bit) on [Wed May  9 11:46:41 2018] ***
compiled with version: 5.4.0 20160609 on 09 May 2018 09:38:38
os: Linux-4.4.0-21-generic #37-Ubuntu SMP Mon Apr 18 18:33:37 UTC 2016
nodename: edugastp
machine: x86_64
clock source: unix
pcre jit disabled
detected number of CPU cores: 4
current working directory: /home/jnaud/var/github/snippet/softs_web/ngnix/examples/uwsgi_flask
detected binary path: /home/jnaud/var/github/snippet/venv/bin/uwsgi
chdir() to /home/jnaud/var/github/snippet/languages/python/flask
your processes number limit is 31442
your memory page size is 4096 bytes
 *** WARNING: you have enabled harakiri without post buffering. Slow upload could be rejected on post-unbuffered webservers *** 
detected max file descriptor number: 1024
lock engine: pthread robust mutexes
thunder lock: disabled (you can enable it with --thunder-lock)
uwsgi socket 0 inherited INET address :3031 fd 5
Python version: 3.5.4 (default, Sep 25 2017, 10:28:20)  [GCC 5.4.0 20160609]
Set PythonHome to /home/jnaud/var/github/snippet/venv
Python main interpreter initialized at 0x21df820
python threads support enabled
your server socket listen backlog is limited to 100 connections
your mercy for graceful operations on workers is 60 seconds
mapped 1357920 bytes (1326 KB) for 80 cores
*** Operational MODE: preforking+threaded ***
WSGI app 0 (mountpoint='') ready in 1 seconds on interpreter 0x21df820 pid: 17018 (default app)
*** uWSGI is running in multiple interpreter mode ***
gracefully (RE)spawned uWSGI master process (pid: 17018)
spawned uWSGI worker 1 (pid: 17193, cores: 20)
spawned uWSGI worker 2 (pid: 17194, cores: 20)
spawned uWSGI worker 3 (pid: 17195, cores: 20)
spawned uWSGI worker 4 (pid: 17203, cores: 20)
...brutally killing workers...
worker 1 buried after 1 seconds
worker 2 buried after 1 seconds
worker 3 buried after 1 seconds
worker 4 buried after 1 seconds
binary reloading uWSGI...
chdir() to /home/jnaud/var/github/snippet/softs_web/ngnix/examples/uwsgi_flask
closing all non-uwsgi socket fds > 2 (max_fd = 1024)...
found fd 5 mapped to socket 0 (:3031)
running /home/jnaud/var/github/snippet/venv/bin/uwsgi
[uWSGI] getting INI configuration from uwsgi.ini
*** Starting uWSGI 2.0.17 (64bit) on [Wed May  9 11:46:43 2018] ***
compiled with version: 5.4.0 20160609 on 09 May 2018 09:38:38
os: Linux-4.4.0-21-generic #37-Ubuntu SMP Mon Apr 18 18:33:37 UTC 2016
nodename: edugastp
machine: x86_64
clock source: unix
pcre jit disabled
detected number of CPU cores: 4
current working directory: /home/jnaud/var/github/snippet/softs_web/ngnix/examples/uwsgi_flask
detected binary path: /home/jnaud/var/github/snippet/venv/bin/uwsgi
chdir() to /home/jnaud/var/github/snippet/languages/python/flask
your processes number limit is 31442
your memory page size is 4096 bytes
 *** WARNING: you have enabled harakiri without post buffering. Slow upload could be rejected on post-unbuffered webservers *** 
detected max file descriptor number: 1024
lock engine: pthread robust mutexes
thunder lock: disabled (you can enable it with --thunder-lock)
uwsgi socket 0 inherited INET address :3031 fd 5
Python version: 3.5.4 (default, Sep 25 2017, 10:28:20)  [GCC 5.4.0 20160609]
Set PythonHome to /home/jnaud/var/github/snippet/venv
Python main interpreter initialized at 0x1fce820
python threads support enabled
your server socket listen backlog is limited to 100 connections
your mercy for graceful operations on workers is 60 seconds
mapped 1357920 bytes (1326 KB) for 80 cores
*** Operational MODE: preforking+threaded ***
WSGI app 0 (mountpoint='') ready in 0 seconds on interpreter 0x1fce820 pid: 17018 (default app)
*** uWSGI is running in multiple interpreter mode ***
gracefully (RE)spawned uWSGI master process (pid: 17018)
spawned uWSGI worker 1 (pid: 17278, cores: 20)
spawned uWSGI worker 2 (pid: 17279, cores: 20)
spawned uWSGI worker 3 (pid: 17280, cores: 20)
spawned uWSGI worker 4 (pid: 17300, cores: 20)
...brutally killing workers...
worker 1 buried after 1 seconds
worker 2 buried after 1 seconds
worker 3 buried after 1 seconds
worker 4 buried after 1 seconds
binary reloading uWSGI...
chdir() to /home/jnaud/var/github/snippet/softs_web/ngnix/examples/uwsgi_flask
closing all non-uwsgi socket fds > 2 (max_fd = 1024)...
found fd 5 mapped to socket 0 (:3031)
running /home/jnaud/var/github/snippet/venv/bin/uwsgi
[uWSGI] getting INI configuration from uwsgi.ini
*** Starting uWSGI 2.0.17 (64bit) on [Wed May  9 11:46:44 2018] ***
compiled with version: 5.4.0 20160609 on 09 May 2018 09:38:38
os: Linux-4.4.0-21-generic #37-Ubuntu SMP Mon Apr 18 18:33:37 UTC 2016
nodename: edugastp
machine: x86_64
clock source: unix
pcre jit disabled
detected number of CPU cores: 4
current working directory: /home/jnaud/var/github/snippet/softs_web/ngnix/examples/uwsgi_flask
detected binary path: /home/jnaud/var/github/snippet/venv/bin/uwsgi
chdir() to /home/jnaud/var/github/snippet/languages/python/flask
your processes number limit is 31442
your memory page size is 4096 bytes
 *** WARNING: you have enabled harakiri without post buffering. Slow upload could be rejected on post-unbuffered webservers *** 
detected max file descriptor number: 1024
lock engine: pthread robust mutexes
thunder lock: disabled (you can enable it with --thunder-lock)
uwsgi socket 0 inherited INET address :3031 fd 5
Python version: 3.5.4 (default, Sep 25 2017, 10:28:20)  [GCC 5.4.0 20160609]
Set PythonHome to /home/jnaud/var/github/snippet/venv
Python main interpreter initialized at 0x1458820
python threads support enabled
your server socket listen backlog is limited to 100 connections
your mercy for graceful operations on workers is 60 seconds
mapped 1357920 bytes (1326 KB) for 80 cores
*** Operational MODE: preforking+threaded ***
WSGI app 0 (mountpoint='') ready in 0 seconds on interpreter 0x1458820 pid: 17018 (default app)
*** uWSGI is running in multiple interpreter mode ***
gracefully (RE)spawned uWSGI master process (pid: 17018)
spawned uWSGI worker 1 (pid: 17362, cores: 20)
spawned uWSGI worker 2 (pid: 17363, cores: 20)
spawned uWSGI worker 3 (pid: 17364, cores: 20)
spawned uWSGI worker 4 (pid: 17365, cores: 20)
[pid: 17365|app: 0|req: 1/1] 127.0.0.1 () {32 vars in 345 bytes} [Wed May  9 11:47:59 2018] GET / => generated 13 bytes in 1 msecs (HTTP/1.1 200) 2 headers in 79 bytes (1 switches on core 0)
[pid: 17365|app: 0|req: 2/2] 127.0.0.1 () {32 vars in 345 bytes} [Wed May  9 11:48:46 2018] GET / => generated 13 bytes in 0 msecs (HTTP/1.1 200) 2 headers in 79 bytes (1 switches on core 1)
[pid: 17365|app: 0|req: 3/3] 127.0.0.1 () {32 vars in 361 bytes} [Wed May  9 11:50:45 2018] GET /user/moi => generated 8 bytes in 0 msecs (HTTP/1.1 200) 2 headers in 78 bytes (1 switches on core 3)
[pid: 17365|app: 0|req: 4/4] 127.0.0.1 () {32 vars in 345 bytes} [Wed May  9 11:50:48 2018] GET / => generated 13 bytes in 0 msecs (HTTP/1.1 200) 2 headers in 79 bytes (1 switches on core 7)
[pid: 17365|app: 0|req: 5/5] 127.0.0.1 () {32 vars in 345 bytes} [Wed May  9 11:56:40 2018] GET / => generated 13 bytes in 1 msecs (HTTP/1.1 200) 2 headers in 79 bytes (1 switches on core 7)
[pid: 17365|app: 0|req: 6/6] 127.0.0.1 () {32 vars in 345 bytes} [Wed May  9 12:00:42 2018] GET / => generated 13 bytes in 0 msecs (HTTP/1.1 200) 2 headers in 79 bytes (1 switches on core 4)
[pid: 17365|app: 0|req: 7/7] 127.0.0.1 () {32 vars in 345 bytes} [Wed May  9 12:05:47 2018] GET / => generated 13 bytes in 0 msecs (HTTP/1.1 200) 2 headers in 79 bytes (1 switches on core 6)
[pid: 17365|app: 0|req: 8/8] 127.0.0.1 () {32 vars in 345 bytes} [Wed May  9 12:09:02 2018] GET / => generated 13 bytes in 0 msecs (HTTP/1.1 200) 2 headers in 79 bytes (1 switches on core 2)
[pid: 17364|app: 0|req: 1/9] 127.0.0.1 () {40 vars in 490 bytes} [Wed May  9 12:13:48 2018] POST /login => generated 10 bytes in 1 msecs (HTTP/1.1 200) 2 headers in 79 bytes (1 switches on core 0)
[pid: 17365|app: 0|req: 9/10] 127.0.0.1 () {32 vars in 345 bytes} [Wed May  9 12:14:14 2018] GET / => generated 13 bytes in 0 msecs (HTTP/1.1 200) 2 headers in 79 bytes (1 switches on core 2)
[pid: 17365|app: 0|req: 10/11] 127.0.0.1 () {40 vars in 490 bytes} [Wed May  9 12:40:17 2018] POST /login => generated 10 bytes in 1 msecs (HTTP/1.1 200) 2 headers in 79 bytes (1 switches on core 11)
[pid: 17365|app: 0|req: 11/12] 127.0.0.1 () {32 vars in 345 bytes} [Wed May  9 14:32:32 2018] GET / => generated 13 bytes in 0 msecs (HTTP/1.1 200) 2 headers in 79 bytes (1 switches on core 12)
...brutally killing workers...
worker 1 buried after 1 seconds
worker 2 buried after 1 seconds
worker 3 buried after 1 seconds
worker 4 buried after 1 seconds
binary reloading uWSGI...
chdir() to /home/jnaud/var/github/snippet/softs_web/ngnix/examples/uwsgi_flask
closing all non-uwsgi socket fds > 2 (max_fd = 1024)...
found fd 5 mapped to socket 0 (:3031)
running /home/jnaud/var/github/snippet/venv/bin/uwsgi
[uWSGI] getting INI configuration from uwsgi.ini
*** Starting uWSGI 2.0.17 (64bit) on [Wed May  9 14:44:10 2018] ***
compiled with version: 5.4.0 20160609 on 09 May 2018 09:38:38
os: Linux-4.4.0-21-generic #37-Ubuntu SMP Mon Apr 18 18:33:37 UTC 2016
nodename: edugastp
machine: x86_64
clock source: unix
pcre jit disabled
detected number of CPU cores: 4
current working directory: /home/jnaud/var/github/snippet/softs_web/ngnix/examples/uwsgi_flask
detected binary path: /home/jnaud/var/github/snippet/venv/bin/uwsgi
chdir() to /home/jnaud/var/github/snippet/languages/python/flask
your processes number limit is 31442
your memory page size is 4096 bytes
 *** WARNING: you have enabled harakiri without post buffering. Slow upload could be rejected on post-unbuffered webservers *** 
detected max file descriptor number: 1024
lock engine: pthread robust mutexes
thunder lock: disabled (you can enable it with --thunder-lock)
uwsgi socket 0 inherited INET address :3031 fd 5
Python version: 3.5.4 (default, Sep 25 2017, 10:28:20)  [GCC 5.4.0 20160609]
Set PythonHome to /home/jnaud/var/github/snippet/venv
Python main interpreter initialized at 0xf07820
python threads support enabled
your server socket listen backlog is limited to 100 connections
your mercy for graceful operations on workers is 60 seconds
mapped 1357920 bytes (1326 KB) for 80 cores
*** Operational MODE: preforking+threaded ***
WSGI app 0 (mountpoint='') ready in 0 seconds on interpreter 0xf07820 pid: 17018 (default app)
*** uWSGI is running in multiple interpreter mode ***
gracefully (RE)spawned uWSGI master process (pid: 17018)
spawned uWSGI worker 1 (pid: 24459, cores: 20)
spawned uWSGI worker 2 (pid: 24460, cores: 20)
spawned uWSGI worker 3 (pid: 24461, cores: 20)
spawned uWSGI worker 4 (pid: 24481, cores: 20)
...brutally killing workers...
worker 1 buried after 0 seconds
worker 2 buried after 0 seconds
worker 3 buried after 0 seconds
worker 4 buried after 0 seconds
binary reloading uWSGI...
chdir() to /home/jnaud/var/github/snippet/softs_web/ngnix/examples/uwsgi_flask
closing all non-uwsgi socket fds > 2 (max_fd = 1024)...
found fd 5 mapped to socket 0 (:3031)
running /home/jnaud/var/github/snippet/venv/bin/uwsgi
[uWSGI] getting INI configuration from uwsgi.ini
*** Starting uWSGI 2.0.17 (64bit) on [Wed May  9 14:44:12 2018] ***
compiled with version: 5.4.0 20160609 on 09 May 2018 09:38:38
os: Linux-4.4.0-21-generic #37-Ubuntu SMP Mon Apr 18 18:33:37 UTC 2016
nodename: edugastp
machine: x86_64
clock source: unix
pcre jit disabled
detected number of CPU cores: 4
current working directory: /home/jnaud/var/github/snippet/softs_web/ngnix/examples/uwsgi_flask
detected binary path: /home/jnaud/var/github/snippet/venv/bin/uwsgi
chdir() to /home/jnaud/var/github/snippet/languages/python/flask
your processes number limit is 31442
your memory page size is 4096 bytes
 *** WARNING: you have enabled harakiri without post buffering. Slow upload could be rejected on post-unbuffered webservers *** 
detected max file descriptor number: 1024
lock engine: pthread robust mutexes
thunder lock: disabled (you can enable it with --thunder-lock)
uwsgi socket 0 inherited INET address :3031 fd 5
Python version: 3.5.4 (default, Sep 25 2017, 10:28:20)  [GCC 5.4.0 20160609]
Set PythonHome to /home/jnaud/var/github/snippet/venv
Python main interpreter initialized at 0x103d820
python threads support enabled
your server socket listen backlog is limited to 100 connections
your mercy for graceful operations on workers is 60 seconds
mapped 1357920 bytes (1326 KB) for 80 cores
*** Operational MODE: preforking+threaded ***
WSGI app 0 (mountpoint='') ready in 0 seconds on interpreter 0x103d820 pid: 17018 (default app)
*** uWSGI is running in multiple interpreter mode ***
gracefully (RE)spawned uWSGI master process (pid: 17018)
spawned uWSGI worker 1 (pid: 24543, cores: 20)
spawned uWSGI worker 2 (pid: 24544, cores: 20)
spawned uWSGI worker 3 (pid: 24545, cores: 20)
spawned uWSGI worker 4 (pid: 24565, cores: 20)
Wed May  9 14:44:16 2018 - uWSGI worker 2 screams: UAAAAAAH my master disconnected: i will kill myself !!!
Wed May  9 14:44:16 2018 - uWSGI worker 2 screams: UAAAAAAH my master disconnected: i will kill myself !!!
Wed May  9 14:44:16 2018 - uWSGI worker 3 screams: UAAAAAAH my master disconnected: i will kill myself !!!
Wed May  9 14:44:16 2018 - uWSGI worker 4 screams: UAAAAAAH my master disconnected: i will kill myself !!!
Wed May  9 14:44:16 2018 - uWSGI worker 1 screams: UAAAAAAH my master disconnected: i will kill myself !!!
Wed May  9 14:44:16 2018 - uWSGI worker 2 screams: UAAAAAAH my master disconnected: i will kill myself !!!
Wed May  9 14:44:16 2018 - uWSGI worker 3 screams: UAAAAAAH my master disconnected: i will kill myself !!!
Wed May  9 14:44:16 2018 - uWSGI worker 4 screams: UAAAAAAH my master disconnected: i will kill myself !!!
Wed May  9 14:44:16 2018 - uWSGI worker 1 screams: UAAAAAAH my master disconnected: i will kill myself !!!
Wed May  9 14:44:16 2018 - uWSGI worker 1 screams: UAAAAAAH my master disconnected: i will kill myself !!!
*** Starting uWSGI 2.0.17 (64bit) on [Wed May  9 14:46:10 2018] ***
compiled with version: 5.4.0 20160609 on 09 May 2018 09:38:38
os: Linux-4.4.0-21-generic #37-Ubuntu SMP Mon Apr 18 18:33:37 UTC 2016
nodename: edugastp
machine: x86_64
clock source: unix
pcre jit disabled
detected number of CPU cores: 4
current working directory: /home/jnaud/var/github/snippet/softs_web/ngnix/examples/uwsgi_flask
detected binary path: /home/jnaud/var/github/snippet/venv/bin/uwsgi
chdir() to /home/jnaud/var/github/snippet/languages/python/flask
your processes number limit is 31442
your memory page size is 4096 bytes
 *** WARNING: you have enabled harakiri without post buffering. Slow upload could be rejected on post-unbuffered webservers *** 
detected max file descriptor number: 1024
lock engine: pthread robust mutexes
thunder lock: disabled (you can enable it with --thunder-lock)
uwsgi socket 0 bound to TCP address :3031 fd 5
Python version: 3.5.4 (default, Sep 25 2017, 10:28:20)  [GCC 5.4.0 20160609]
Set PythonHome to /home/jnaud/var/github/snippet/venv
Python main interpreter initialized at 0x13d8ac0
python threads support enabled
your server socket listen backlog is limited to 100 connections
your mercy for graceful operations on workers is 60 seconds
mapped 1357920 bytes (1326 KB) for 80 cores
*** Operational MODE: preforking+threaded ***
WSGI app 0 (mountpoint='') ready in 0 seconds on interpreter 0x13d8ac0 pid: 24820 (default app)
*** uWSGI is running in multiple interpreter mode ***
spawned uWSGI master process (pid: 24820)
spawned uWSGI worker 1 (pid: 24823, cores: 20)
spawned uWSGI worker 2 (pid: 24824, cores: 20)
spawned uWSGI worker 3 (pid: 24825, cores: 20)
spawned uWSGI worker 4 (pid: 24851, cores: 20)
[pid: 24851|app: 0|req: 1/1] 127.0.0.1 () {32 vars in 345 bytes} [Wed May  9 14:46:14 2018] GET / => generated 13 bytes in 2 msecs (HTTP/1.1 200) 2 headers in 79 bytes (1 switches on core 1)
[pid: 24851|app: 0|req: 2/2] 127.0.0.1 () {32 vars in 345 bytes} [Wed May  9 14:46:55 2018] GET / => generated 13 bytes in 0 msecs (HTTP/1.1 200) 2 headers in 79 bytes (1 switches on core 0)
[pid: 24851|app: 0|req: 3/3] 127.0.0.1 () {32 vars in 345 bytes} [Wed May  9 14:47:18 2018] GET / => generated 13 bytes in 1 msecs (HTTP/1.1 200) 2 headers in 79 bytes (1 switches on core 2)
[pid: 24851|app: 0|req: 4/4] 127.0.0.1 () {32 vars in 345 bytes} [Wed May  9 14:47:19 2018] GET / => generated 13 bytes in 0 msecs (HTTP/1.1 200) 2 headers in 79 bytes (1 switches on core 19)
[pid: 24851|app: 0|req: 5/5] 127.0.0.1 () {32 vars in 345 bytes} [Wed May  9 14:47:20 2018] GET / => generated 13 bytes in 0 msecs (HTTP/1.1 200) 2 headers in 79 bytes (1 switches on core 10)
[pid: 24851|app: 0|req: 6/6] 127.0.0.1 () {32 vars in 345 bytes} [Wed May  9 14:47:20 2018] GET / => generated 13 bytes in 0 msecs (HTTP/1.1 200) 2 headers in 79 bytes (1 switches on core 11)
[pid: 24851|app: 0|req: 7/7] 127.0.0.1 () {32 vars in 345 bytes} [Wed May  9 14:47:21 2018] GET / => generated 13 bytes in 0 msecs (HTTP/1.1 200) 2 headers in 79 bytes (1 switches on core 7)
[pid: 24851|app: 0|req: 8/8] 127.0.0.1 () {32 vars in 345 bytes} [Wed May  9 14:47:21 2018] GET / => generated 13 bytes in 0 msecs (HTTP/1.1 200) 2 headers in 79 bytes (1 switches on core 5)
[pid: 24851|app: 0|req: 9/9] 127.0.0.1 () {32 vars in 345 bytes} [Wed May  9 14:47:22 2018] GET / => generated 13 bytes in 0 msecs (HTTP/1.1 200) 2 headers in 79 bytes (1 switches on core 8)
[pid: 24851|app: 0|req: 10/10] 127.0.0.1 () {32 vars in 345 bytes} [Wed May  9 14:47:22 2018] GET / => generated 13 bytes in 0 msecs (HTTP/1.1 200) 2 headers in 79 bytes (1 switches on core 4)
[pid: 24851|app: 0|req: 11/11] 127.0.0.1 () {32 vars in 345 bytes} [Wed May  9 14:47:22 2018] GET / => generated 13 bytes in 1 msecs (HTTP/1.1 200) 2 headers in 79 bytes (1 switches on core 6)
[pid: 24851|app: 0|req: 12/12] 127.0.0.1 () {32 vars in 345 bytes} [Wed May  9 14:47:22 2018] GET / => generated 13 bytes in 0 msecs (HTTP/1.1 200) 2 headers in 79 bytes (1 switches on core 9)
[pid: 24851|app: 0|req: 13/13] 127.0.0.1 () {32 vars in 345 bytes} [Wed May  9 14:47:22 2018] GET / => generated 13 bytes in 0 msecs (HTTP/1.1 200) 2 headers in 79 bytes (1 switches on core 12)
[pid: 24851|app: 0|req: 14/14] 127.0.0.1 () {32 vars in 345 bytes} [Wed May  9 14:47:23 2018] GET / => generated 13 bytes in 0 msecs (HTTP/1.1 200) 2 headers in 79 bytes (1 switches on core 13)
[pid: 24851|app: 0|req: 15/15] 127.0.0.1 () {32 vars in 345 bytes} [Wed May  9 14:47:23 2018] GET / => generated 13 bytes in 0 msecs (HTTP/1.1 200) 2 headers in 79 bytes (1 switches on core 14)
[pid: 24851|app: 0|req: 16/16] 127.0.0.1 () {32 vars in 345 bytes} [Wed May  9 14:47:24 2018] GET / => generated 13 bytes in 0 msecs (HTTP/1.1 200) 2 headers in 79 bytes (1 switches on core 15)
[pid: 24851|app: 0|req: 17/17] 127.0.0.1 () {32 vars in 345 bytes} [Wed May  9 14:47:24 2018] GET / => generated 13 bytes in 0 msecs (HTTP/1.1 200) 2 headers in 79 bytes (1 switches on core 16)
[pid: 24851|app: 0|req: 18/18] 127.0.0.1 () {32 vars in 345 bytes} [Wed May  9 14:47:24 2018] GET / => generated 13 bytes in 0 msecs (HTTP/1.1 200) 2 headers in 79 bytes (1 switches on core 16)
[pid: 24851|app: 0|req: 19/19] 127.0.0.1 () {32 vars in 345 bytes} [Wed May  9 14:47:25 2018] GET / => generated 13 bytes in 0 msecs (HTTP/1.1 200) 2 headers in 79 bytes (1 switches on core 16)
[pid: 24851|app: 0|req: 20/20] 127.0.0.1 () {32 vars in 345 bytes} [Wed May  9 14:47:25 2018] GET / => generated 13 bytes in 0 msecs (HTTP/1.1 200) 2 headers in 79 bytes (1 switches on core 16)
[pid: 24851|app: 0|req: 21/21] 127.0.0.1 () {32 vars in 345 bytes} [Wed May  9 14:47:25 2018] GET / => generated 13 bytes in 0 msecs (HTTP/1.1 200) 2 headers in 79 bytes (1 switches on core 16)
[pid: 24851|app: 0|req: 22/22] 127.0.0.1 () {32 vars in 345 bytes} [Wed May  9 14:47:25 2018] GET / => generated 13 bytes in 0 msecs (HTTP/1.1 200) 2 headers in 79 bytes (1 switches on core 16)
[pid: 24851|app: 0|req: 23/23] 127.0.0.1 () {32 vars in 345 bytes} [Wed May  9 14:47:26 2018] GET / => generated 13 bytes in 0 msecs (HTTP/1.1 200) 2 headers in 79 bytes (1 switches on core 16)
[pid: 24851|app: 0|req: 24/24] 127.0.0.1 () {32 vars in 345 bytes} [Wed May  9 14:47:27 2018] GET / => generated 13 bytes in 0 msecs (HTTP/1.1 200) 2 headers in 79 bytes (1 switches on core 19)
[pid: 24851|app: 0|req: 25/25] 127.0.0.1 () {32 vars in 345 bytes} [Wed May  9 14:47:27 2018] GET / => generated 13 bytes in 0 msecs (HTTP/1.1 200) 2 headers in 79 bytes (1 switches on core 10)
[pid: 24851|app: 0|req: 26/26] 127.0.0.1 () {32 vars in 345 bytes} [Wed May  9 14:48:13 2018] GET / => generated 13 bytes in 0 msecs (HTTP/1.1 200) 2 headers in 79 bytes (1 switches on core 11)
[pid: 24851|app: 0|req: 27/27] 127.0.0.1 () {32 vars in 345 bytes} [Wed May  9 14:48:14 2018] GET / => generated 13 bytes in 0 msecs (HTTP/1.1 200) 2 headers in 79 bytes (1 switches on core 7)
Wed May  9 14:48:38 2018 - uWSGI worker 4 screams: UAAAAAAH my master disconnected: i will kill myself !!!
Wed May  9 14:48:38 2018 - uWSGI worker 4 screams: UAAAAAAH my master disconnected: i will kill myself !!!
Wed May  9 14:48:38 2018 - uWSGI worker 3 screams: UAAAAAAH my master disconnected: i will kill myself !!!
Wed May  9 14:48:38 2018 - uWSGI worker 2 screams: UAAAAAAH my master disconnected: i will kill myself !!!
Wed May  9 14:48:38 2018 - uWSGI worker 4 screams: UAAAAAAH my master disconnected: i will kill myself !!!
Wed May  9 14:48:38 2018 - uWSGI worker 4 screams: UAAAAAAH my master disconnected: i will kill myself !!!
Wed May  9 14:48:38 2018 - uWSGI worker 3 screams: UAAAAAAH my master disconnected: i will kill myself !!!
Wed May  9 14:48:38 2018 - uWSGI worker 1 screams: UAAAAAAH my master disconnected: i will kill myself !!!
Wed May  9 14:48:38 2018 - uWSGI worker 2 screams: UAAAAAAH my master disconnected: i will kill myself !!!
Wed May  9 14:48:38 2018 - uWSGI worker 2 screams: UAAAAAAH my master disconnected: i will kill myself !!!
Wed May  9 14:48:38 2018 - uWSGI worker 1 screams: UAAAAAAH my master disconnected: i will kill myself !!!
*** Starting uWSGI 2.0.17 (64bit) on [Wed May  9 14:48:47 2018] ***
compiled with version: 5.4.0 20160609 on 09 May 2018 09:38:38
os: Linux-4.4.0-21-generic #37-Ubuntu SMP Mon Apr 18 18:33:37 UTC 2016
nodename: edugastp
machine: x86_64
clock source: unix
pcre jit disabled
detected number of CPU cores: 4
current working directory: /home/jnaud/var/github/snippet/softs_web/ngnix/examples/uwsgi_flask
detected binary path: /home/jnaud/var/github/snippet/venv/bin/uwsgi
chdir() to /home/jnaud/var/github/snippet/languages/python/flask
your processes number limit is 31442
your memory page size is 4096 bytes
 *** WARNING: you have enabled harakiri without post buffering. Slow upload could be rejected on post-unbuffered webservers *** 
detected max file descriptor number: 1024
lock engine: pthread robust mutexes
thunder lock: disabled (you can enable it with --thunder-lock)
uwsgi socket 0 bound to TCP address :3031 fd 5
Python version: 3.5.4 (default, Sep 25 2017, 10:28:20)  [GCC 5.4.0 20160609]
Set PythonHome to /home/jnaud/var/github/snippet/venv
Python main interpreter initialized at 0x1119ac0
python threads support enabled
your server socket listen backlog is limited to 100 connections
your mercy for graceful operations on workers is 60 seconds
mapped 1357920 bytes (1326 KB) for 80 cores
*** Operational MODE: preforking+threaded ***
WSGI app 0 (mountpoint='') ready in 0 seconds on interpreter 0x1119ac0 pid: 25622 (default app)
*** uWSGI is running in multiple interpreter mode ***
spawned uWSGI master process (pid: 25622)
spawned uWSGI worker 1 (pid: 25626, cores: 20)
spawned uWSGI worker 2 (pid: 25627, cores: 20)
spawned uWSGI worker 3 (pid: 25628, cores: 20)
spawned uWSGI worker 4 (pid: 25629, cores: 20)
...brutally killing workers...
worker 1 buried after 1 seconds
worker 2 buried after 1 seconds
worker 3 buried after 1 seconds
worker 4 buried after 1 seconds
binary reloading uWSGI...
chdir() to /home/jnaud/var/github/snippet/softs_web/ngnix/examples/uwsgi_flask
closing all non-uwsgi socket fds > 2 (max_fd = 1024)...
found fd 5 mapped to socket 0 (:3031)
running /home/jnaud/var/github/snippet/venv/bin/uwsgi
[uWSGI] getting INI configuration from uwsgi.ini
*** Starting uWSGI 2.0.17 (64bit) on [Wed May  9 14:50:24 2018] ***
compiled with version: 5.4.0 20160609 on 09 May 2018 09:38:38
os: Linux-4.4.0-21-generic #37-Ubuntu SMP Mon Apr 18 18:33:37 UTC 2016
nodename: edugastp
machine: x86_64
clock source: unix
pcre jit disabled
detected number of CPU cores: 4
current working directory: /home/jnaud/var/github/snippet/softs_web/ngnix/examples/uwsgi_flask
detected binary path: /home/jnaud/var/github/snippet/venv/bin/uwsgi
chdir() to /home/jnaud/var/github/snippet/languages/python/flask
your processes number limit is 31442
your memory page size is 4096 bytes
 *** WARNING: you have enabled harakiri without post buffering. Slow upload could be rejected on post-unbuffered webservers *** 
detected max file descriptor number: 1024
lock engine: pthread robust mutexes
thunder lock: disabled (you can enable it with --thunder-lock)
uwsgi socket 0 inherited INET address :3031 fd 5
Python version: 3.5.4 (default, Sep 25 2017, 10:28:20)  [GCC 5.4.0 20160609]
Set PythonHome to /home/jnaud/var/github/snippet/venv
Python main interpreter initialized at 0x160f8c0
python threads support enabled
your server socket listen backlog is limited to 100 connections
your mercy for graceful operations on workers is 60 seconds
mapped 1357920 bytes (1326 KB) for 80 cores
*** Operational MODE: preforking+threaded ***
WSGI app 0 (mountpoint='') ready in 0 seconds on interpreter 0x160f8c0 pid: 25622 (default app)
*** uWSGI is running in multiple interpreter mode ***
gracefully (RE)spawned uWSGI master process (pid: 25622)
spawned uWSGI worker 1 (pid: 25791, cores: 20)
spawned uWSGI worker 2 (pid: 25792, cores: 20)
spawned uWSGI worker 3 (pid: 25793, cores: 20)
spawned uWSGI worker 4 (pid: 25827, cores: 20)
Wed May  9 14:50:25 2018 - uWSGI worker 4 screams: UAAAAAAH my master disconnected: i will kill myself !!!
Wed May  9 14:50:25 2018 - uWSGI worker 4 screams: UAAAAAAH my master disconnected: i will kill myself !!!
Wed May  9 14:50:25 2018 - uWSGI worker 2 screams: UAAAAAAH my master disconnected: i will kill myself !!!
Wed May  9 14:50:25 2018 - uWSGI worker 4 screams: UAAAAAAH my master disconnected: i will kill myself !!!
Wed May  9 14:50:25 2018 - uWSGI worker 4 screams: UAAAAAAH my master disconnected: i will kill myself !!!
Wed May  9 14:50:25 2018 - uWSGI worker 3 screams: UAAAAAAH my master disconnected: i will kill myself !!!
Wed May  9 14:50:25 2018 - uWSGI worker 2 screams: UAAAAAAH my master disconnected: i will kill myself !!!
Wed May  9 14:50:25 2018 - uWSGI worker 1 screams: UAAAAAAH my master disconnected: i will kill myself !!!
Wed May  9 14:50:25 2018 - uWSGI worker 1 screams: UAAAAAAH my master disconnected: i will kill myself !!!
Wed May  9 14:50:25 2018 - uWSGI worker 3 screams: UAAAAAAH my master disconnected: i will kill myself !!!
Wed May  9 14:50:25 2018 - uWSGI worker 3 screams: UAAAAAAH my master disconnected: i will kill myself !!!
Wed May  9 14:50:25 2018 - uWSGI worker 3 screams: UAAAAAAH my master disconnected: i will kill myself !!!
*** Starting uWSGI 2.0.17 (64bit) on [Wed May  9 14:51:15 2018] ***
compiled with version: 5.4.0 20160609 on 09 May 2018 09:38:38
os: Linux-4.4.0-21-generic #37-Ubuntu SMP Mon Apr 18 18:33:37 UTC 2016
nodename: edugastp
machine: x86_64
clock source: unix
pcre jit disabled
detected number of CPU cores: 4
current working directory: /home/jnaud/var/github/snippet/softs_web/ngnix/examples/uwsgi_flask
detected binary path: /home/jnaud/var/github/snippet/venv/bin/uwsgi
chdir() to .
your processes number limit is 31442
your memory page size is 4096 bytes
 *** WARNING: you have enabled harakiri without post buffering. Slow upload could be rejected on post-unbuffered webservers *** 
detected max file descriptor number: 1024
lock engine: pthread robust mutexes
thunder lock: disabled (you can enable it with --thunder-lock)
uwsgi socket 0 bound to TCP address :3031 fd 5
Python version: 3.5.4 (default, Sep 25 2017, 10:28:20)  [GCC 5.4.0 20160609]
Set PythonHome to /home/jnaud/var/github/snippet/venv
Python main interpreter initialized at 0x288ca90
python threads support enabled
your server socket listen backlog is limited to 100 connections
your mercy for graceful operations on workers is 60 seconds
mapped 1357920 bytes (1326 KB) for 80 cores
*** Operational MODE: preforking+threaded ***
WSGI app 0 (mountpoint='') ready in 0 seconds on interpreter 0x288ca90 pid: 25916 (default app)
*** uWSGI is running in multiple interpreter mode ***
spawned uWSGI master process (pid: 25916)
spawned uWSGI worker 1 (pid: 25919, cores: 20)
spawned uWSGI worker 2 (pid: 25920, cores: 20)
spawned uWSGI worker 3 (pid: 25921, cores: 20)
spawned uWSGI worker 4 (pid: 25941, cores: 20)
[pid: 25941|app: 0|req: 1/1] 127.0.0.1 () {32 vars in 345 bytes} [Wed May  9 14:51:21 2018] GET / => generated 15 bytes in 1 msecs (HTTP/1.1 200) 2 headers in 79 bytes (1 switches on core 2)
[pid: 25919|app: 0|req: 1/2] 127.0.0.1 () {32 vars in 345 bytes} [Wed May  9 14:51:43 2018] GET / => generated 15 bytes in 1 msecs (HTTP/1.1 200) 2 headers in 79 bytes (1 switches on core 2)
Wed May  9 14:51:48 2018 - new master copy spawned with pid 26070
fork()'ing uWSGI...
chdir() to /home/jnaud/var/github/snippet/softs_web/ngnix/examples/uwsgi_flask
closing all non-uwsgi socket fds > 2 (max_fd = 1024)...
found fd 5 mapped to socket 0 (:3031)
running /home/jnaud/var/github/snippet/venv/bin/uwsgi
[uWSGI] getting INI configuration from uwsgi.ini
*** Starting uWSGI 2.0.17 (64bit) on [Wed May  9 14:51:48 2018] ***
compiled with version: 5.4.0 20160609 on 09 May 2018 09:38:38
os: Linux-4.4.0-21-generic #37-Ubuntu SMP Mon Apr 18 18:33:37 UTC 2016
nodename: edugastp
machine: x86_64
clock source: unix
pcre jit disabled
detected number of CPU cores: 4
current working directory: /home/jnaud/var/github/snippet/softs_web/ngnix/examples/uwsgi_flask
detected binary path: /home/jnaud/var/github/snippet/venv/bin/uwsgi
chdir() to .
your processes number limit is 31442
your memory page size is 4096 bytes
 *** WARNING: you have enabled harakiri without post buffering. Slow upload could be rejected on post-unbuffered webservers *** 
detected max file descriptor number: 1024
lock engine: pthread robust mutexes
thunder lock: disabled (you can enable it with --thunder-lock)
uwsgi socket 0 inherited INET address :3031 fd 5
Python version: 3.5.4 (default, Sep 25 2017, 10:28:20)  [GCC 5.4.0 20160609]
Set PythonHome to /home/jnaud/var/github/snippet/venv
Python main interpreter initialized at 0x1b55890
python threads support enabled
your server socket listen backlog is limited to 100 connections
your mercy for graceful operations on workers is 60 seconds
mapped 1357920 bytes (1326 KB) for 80 cores
*** Operational MODE: preforking+threaded ***
WSGI app 0 (mountpoint='') ready in 0 seconds on interpreter 0x1b55890 pid: 26070 (default app)
*** uWSGI is running in multiple interpreter mode ***
gracefully (RE)spawned uWSGI master process (pid: 26070)
spawned uWSGI worker 1 (pid: 26074, cores: 20)
spawned uWSGI worker 2 (pid: 26075, cores: 20)
spawned uWSGI worker 3 (pid: 26076, cores: 20)
spawned uWSGI worker 4 (pid: 26077, cores: 20)
[pid: 26077|app: 0|req: 1/1] 127.0.0.1 () {32 vars in 345 bytes} [Wed May  9 14:51:50 2018] GET / => generated 13 bytes in 2 msecs (HTTP/1.1 200) 2 headers in 79 bytes (1 switches on core 1)
[pid: 26077|app: 0|req: 2/2] 127.0.0.1 () {32 vars in 345 bytes} [Wed May  9 15:03:26 2018] GET / => generated 13 bytes in 0 msecs (HTTP/1.1 200) 2 headers in 79 bytes (1 switches on core 0)

;uWSGI instance configuration
[uwsgi]
master-fifo = fifo
ini = uwsgi.ini
uid = www-data
socket = :3031
virtualenv = /home/jnaud/var/github/snippet/venv
chdir = .
file = /home/jnaud/var/github/snippet/languages/python/flask/simple.py
callable = app
processes = 4
master = true
enable-threads = true
threads = 20
harakiri = 30
harakiri-verbose = true
daemonize = uwsgi.log
log-5xx = true
;end of configuration

	workers total requests: 2
-----------------
	worker 1 app 0 [] requests: 0 exceptions: 0
-----------------
	worker 2 app 0 [] requests: 0 exceptions: 0
-----------------
	worker 3 app 0 [] requests: 0 exceptions: 0
-----------------
	worker 4 app 0 [] requests: 2 exceptions: 0
-----------------


;uWSGI instance configuration
[uwsgi]
master-fifo = fifo
ini = uwsgi.ini
uid = www-data
socket = :3031
virtualenv = /home/jnaud/var/github/snippet/venv
chdir = .
file = /home/jnaud/var/github/snippet/languages/python/flask/simple.py
callable = app
processes = 4
master = true
enable-threads = true
threads = 20
harakiri = 30
harakiri-verbose = true
daemonize = uwsgi.log
log-5xx = true
;end of configuration

	workers total requests: 2
-----------------
	worker 1 app 0 [] requests: 0 exceptions: 0
-----------------
	worker 2 app 0 [] requests: 0 exceptions: 0
-----------------
	worker 3 app 0 [] requests: 0 exceptions: 0
-----------------
	worker 4 app 0 [] requests: 2 exceptions: 0
-----------------


;uWSGI instance configuration
[uwsgi]
master-fifo = fifo
ini = uwsgi.ini
uid = www-data
socket = :3031
virtualenv = /home/jnaud/var/github/snippet/venv
chdir = .
file = /home/jnaud/var/github/snippet/languages/python/flask/simple.py
callable = app
processes = 4
master = true
enable-threads = true
threads = 20
harakiri = 30
harakiri-verbose = true
daemonize = uwsgi.log
log-5xx = true
;end of configuration

	workers total requests: 2
-----------------
	worker 1 app 0 [] requests: 0 exceptions: 0
-----------------
	worker 2 app 0 [] requests: 0 exceptions: 0
-----------------
	worker 3 app 0 [] requests: 0 exceptions: 0
-----------------
	worker 4 app 0 [] requests: 2 exceptions: 0
-----------------


;uWSGI instance configuration
[uwsgi]
master-fifo = fifo
ini = uwsgi.ini
uid = www-data
socket = :3031
virtualenv = /home/jnaud/var/github/snippet/venv
chdir = .
file = /home/jnaud/var/github/snippet/languages/python/flask/simple.py
callable = app
processes = 4
master = true
enable-threads = true
threads = 20
harakiri = 30
harakiri-verbose = true
daemonize = uwsgi.log
log-5xx = true
;end of configuration

	workers total requests: 2
-----------------
	worker 1 app 0 [] requests: 0 exceptions: 0
-----------------
	worker 2 app 0 [] requests: 0 exceptions: 0
-----------------
	worker 3 app 0 [] requests: 0 exceptions: 0
-----------------
	worker 4 app 0 [] requests: 2 exceptions: 0
-----------------


;uWSGI instance configuration
[uwsgi]
master-fifo = fifo
ini = uwsgi.ini
uid = www-data
socket = :3031
virtualenv = /home/jnaud/var/github/snippet/venv
chdir = .
file = /home/jnaud/var/github/snippet/languages/python/flask/simple.py
callable = app
processes = 4
master = true
enable-threads = true
threads = 20
harakiri = 30
harakiri-verbose = true
daemonize = uwsgi.log
log-5xx = true
;end of configuration

	workers total requests: 2
-----------------
	worker 1 app 0 [] requests: 0 exceptions: 0
-----------------
	worker 2 app 0 [] requests: 0 exceptions: 0
-----------------
	worker 3 app 0 [] requests: 0 exceptions: 0
-----------------
	worker 4 app 0 [] requests: 2 exceptions: 0
-----------------

Wed May  9 15:08:07 2018 - active master fifo is now fifo

;uWSGI instance configuration
[uwsgi]
master-fifo = fifo
ini = uwsgi.ini
uid = www-data
socket = :3031
virtualenv = /home/jnaud/var/github/snippet/venv
chdir = .
file = /home/jnaud/var/github/snippet/languages/python/flask/simple.py
callable = app
processes = 4
master = true
enable-threads = true
threads = 20
harakiri = 30
harakiri-verbose = true
daemonize = uwsgi.log
log-5xx = true
;end of configuration

	workers total requests: 2
-----------------
	worker 1 app 0 [] requests: 0 exceptions: 0
-----------------
	worker 2 app 0 [] requests: 0 exceptions: 0
-----------------
	worker 3 app 0 [] requests: 0 exceptions: 0
-----------------
	worker 4 app 0 [] requests: 2 exceptions: 0
-----------------


;uWSGI instance configuration
[uwsgi]
master-fifo = fifo
ini = uwsgi.ini
uid = www-data
socket = :3031
virtualenv = /home/jnaud/var/github/snippet/venv
chdir = .
file = /home/jnaud/var/github/snippet/languages/python/flask/simple.py
callable = app
processes = 4
master = true
enable-threads = true
threads = 20
harakiri = 30
harakiri-verbose = true
daemonize = uwsgi.log
log-5xx = true
;end of configuration

	workers total requests: 2
-----------------
	worker 1 app 0 [] requests: 0 exceptions: 0
-----------------
	worker 2 app 0 [] requests: 0 exceptions: 0
-----------------
	worker 3 app 0 [] requests: 0 exceptions: 0
-----------------
	worker 4 app 0 [] requests: 2 exceptions: 0
-----------------


;uWSGI instance configuration
[uwsgi]
master-fifo = fifo
ini = uwsgi.ini
uid = www-data
socket = :3031
virtualenv = /home/jnaud/var/github/snippet/venv
chdir = .
file = /home/jnaud/var/github/snippet/languages/python/flask/simple.py
callable = app
processes = 4
master = true
enable-threads = true
threads = 20
harakiri = 30
harakiri-verbose = true
daemonize = uwsgi.log
log-5xx = true
;end of configuration

	workers total requests: 2
-----------------
	worker 1 app 0 [] requests: 0 exceptions: 0
-----------------
	worker 2 app 0 [] requests: 0 exceptions: 0
-----------------
	worker 3 app 0 [] requests: 0 exceptions: 0
-----------------
	worker 4 app 0 [] requests: 2 exceptions: 0
-----------------


;uWSGI instance configuration
[uwsgi]
master-fifo = fifo
ini = uwsgi.ini
uid = www-data
socket = :3031
virtualenv = /home/jnaud/var/github/snippet/venv
chdir = .
file = /home/jnaud/var/github/snippet/languages/python/flask/simple.py
callable = app
processes = 4
master = true
enable-threads = true
threads = 20
harakiri = 30
harakiri-verbose = true
daemonize = uwsgi.log
log-5xx = true
;end of configuration

	workers total requests: 2
-----------------
	worker 1 app 0 [] requests: 0 exceptions: 0
-----------------
	worker 2 app 0 [] requests: 0 exceptions: 0
-----------------
	worker 3 app 0 [] requests: 0 exceptions: 0
-----------------
	worker 4 app 0 [] requests: 2 exceptions: 0
-----------------


;uWSGI instance configuration
[uwsgi]
master-fifo = fifo
ini = uwsgi.ini
uid = www-data
socket = :3031
virtualenv = /home/jnaud/var/github/snippet/venv
chdir = .
file = /home/jnaud/var/github/snippet/languages/python/flask/simple.py
callable = app
processes = 4
master = true
enable-threads = true
threads = 20
harakiri = 30
harakiri-verbose = true
daemonize = uwsgi.log
log-5xx = true
;end of configuration

	workers total requests: 2
-----------------
	worker 1 app 0 [] requests: 0 exceptions: 0
-----------------
	worker 2 app 0 [] requests: 0 exceptions: 0
-----------------
	worker 3 app 0 [] requests: 0 exceptions: 0
-----------------
	worker 4 app 0 [] requests: 2 exceptions: 0
-----------------

[pid: 26077|app: 0|req: 3/3] 127.0.0.1 () {32 vars in 345 bytes} [Wed May  9 15:10:21 2018] GET / => generated 13 bytes in 3 msecs (HTTP/1.1 200) 2 headers in 79 bytes (1 switches on core 5)
[pid: 26077|app: 0|req: 4/4] 127.0.0.1 () {32 vars in 345 bytes} [Wed May  9 15:10:22 2018] GET / => generated 13 bytes in 0 msecs (HTTP/1.1 200) 2 headers in 79 bytes (1 switches on core 10)
[pid: 26077|app: 0|req: 5/5] 127.0.0.1 () {32 vars in 345 bytes} [Wed May  9 15:10:22 2018] GET / => generated 13 bytes in 0 msecs (HTTP/1.1 200) 2 headers in 79 bytes (1 switches on core 10)
[pid: 26077|app: 0|req: 6/6] 127.0.0.1 () {32 vars in 345 bytes} [Wed May  9 15:10:22 2018] GET / => generated 13 bytes in 0 msecs (HTTP/1.1 200) 2 headers in 79 bytes (1 switches on core 13)
[pid: 26077|app: 0|req: 7/7] 127.0.0.1 () {32 vars in 345 bytes} [Wed May  9 15:10:22 2018] GET / => generated 13 bytes in 0 msecs (HTTP/1.1 200) 2 headers in 79 bytes (1 switches on core 13)
[pid: 26077|app: 0|req: 8/8] 127.0.0.1 () {32 vars in 345 bytes} [Wed May  9 15:10:23 2018] GET / => generated 13 bytes in 1 msecs (HTTP/1.1 200) 2 headers in 79 bytes (1 switches on core 15)
[pid: 26077|app: 0|req: 9/9] 127.0.0.1 () {32 vars in 345 bytes} [Wed May  9 15:10:23 2018] GET / => generated 13 bytes in 0 msecs (HTTP/1.1 200) 2 headers in 79 bytes (1 switches on core 4)
[pid: 26077|app: 0|req: 10/10] 127.0.0.1 () {32 vars in 345 bytes} [Wed May  9 15:10:23 2018] GET / => generated 13 bytes in 0 msecs (HTTP/1.1 200) 2 headers in 79 bytes (1 switches on core 2)
[pid: 26075|app: 0|req: 1/11] 127.0.0.1 () {32 vars in 345 bytes} [Wed May  9 15:10:24 2018] GET / => generated 13 bytes in 2 msecs (HTTP/1.1 200) 2 headers in 79 bytes (1 switches on core 0)
[pid: 26077|app: 0|req: 11/12] 127.0.0.1 () {32 vars in 345 bytes} [Wed May  9 15:10:24 2018] GET / => generated 13 bytes in 0 msecs (HTTP/1.1 200) 2 headers in 79 bytes (1 switches on core 6)
[pid: 26077|app: 0|req: 12/13] 127.0.0.1 () {32 vars in 345 bytes} [Wed May  9 15:10:24 2018] GET / => generated 13 bytes in 0 msecs (HTTP/1.1 200) 2 headers in 79 bytes (1 switches on core 3)
[pid: 26077|app: 0|req: 13/14] 127.0.0.1 () {32 vars in 345 bytes} [Wed May  9 15:10:24 2018] GET / => generated 13 bytes in 1 msecs (HTTP/1.1 200) 2 headers in 79 bytes (1 switches on core 7)
[pid: 26077|app: 0|req: 14/15] 127.0.0.1 () {32 vars in 345 bytes} [Wed May  9 15:10:25 2018] GET / => generated 13 bytes in 0 msecs (HTTP/1.1 200) 2 headers in 79 bytes (1 switches on core 8)
[pid: 26077|app: 0|req: 15/16] 127.0.0.1 () {32 vars in 345 bytes} [Wed May  9 15:10:25 2018] GET / => generated 13 bytes in 0 msecs (HTTP/1.1 200) 2 headers in 79 bytes (1 switches on core 8)
[pid: 25941|app: 0|req: 2/3] 127.0.0.1 () {32 vars in 345 bytes} [Wed May  9 15:10:25 2018] GET / => generated 15 bytes in 0 msecs (HTTP/1.1 200) 2 headers in 79 bytes (1 switches on core 2)
[pid: 25941|app: 0|req: 3/4] 127.0.0.1 () {32 vars in 345 bytes} [Wed May  9 15:10:25 2018] GET / => generated 15 bytes in 0 msecs (HTTP/1.1 200) 2 headers in 79 bytes (1 switches on core 2)
[pid: 26077|app: 0|req: 16/17] 127.0.0.1 () {32 vars in 345 bytes} [Wed May  9 15:10:25 2018] GET / => generated 13 bytes in 0 msecs (HTTP/1.1 200) 2 headers in 79 bytes (1 switches on core 11)
[pid: 26077|app: 0|req: 17/18] 127.0.0.1 () {32 vars in 345 bytes} [Wed May  9 15:10:26 2018] GET / => generated 13 bytes in 0 msecs (HTTP/1.1 200) 2 headers in 79 bytes (1 switches on core 11)
[pid: 26077|app: 0|req: 18/19] 127.0.0.1 () {32 vars in 345 bytes} [Wed May  9 15:10:26 2018] GET / => generated 13 bytes in 0 msecs (HTTP/1.1 200) 2 headers in 79 bytes (1 switches on core 16)
[pid: 26077|app: 0|req: 19/20] 127.0.0.1 () {32 vars in 345 bytes} [Wed May  9 15:10:27 2018] GET / => generated 13 bytes in 0 msecs (HTTP/1.1 200) 2 headers in 79 bytes (1 switches on core 19)
[pid: 26077|app: 0|req: 20/21] 127.0.0.1 () {32 vars in 345 bytes} [Wed May  9 15:10:27 2018] GET / => generated 13 bytes in 0 msecs (HTTP/1.1 200) 2 headers in 79 bytes (1 switches on core 18)
[pid: 26077|app: 0|req: 21/22] 127.0.0.1 () {32 vars in 345 bytes} [Wed May  9 15:10:27 2018] GET / => generated 13 bytes in 1 msecs (HTTP/1.1 200) 2 headers in 79 bytes (1 switches on core 1)
[pid: 26077|app: 0|req: 22/23] 127.0.0.1 () {32 vars in 345 bytes} [Wed May  9 15:10:28 2018] GET / => generated 13 bytes in 0 msecs (HTTP/1.1 200) 2 headers in 79 bytes (1 switches on core 0)
[pid: 26077|app: 0|req: 23/24] 127.0.0.1 () {32 vars in 345 bytes} [Wed May  9 15:10:28 2018] GET / => generated 13 bytes in 0 msecs (HTTP/1.1 200) 2 headers in 79 bytes (1 switches on core 5)
[pid: 26077|app: 0|req: 24/25] 127.0.0.1 () {32 vars in 345 bytes} [Wed May  9 15:10:28 2018] GET / => generated 13 bytes in 0 msecs (HTTP/1.1 200) 2 headers in 79 bytes (1 switches on core 12)
[pid: 26075|app: 0|req: 2/26] 127.0.0.1 () {32 vars in 345 bytes} [Wed May  9 15:10:28 2018] GET / => generated 13 bytes in 0 msecs (HTTP/1.1 200) 2 headers in 79 bytes (1 switches on core 0)
[pid: 26077|app: 0|req: 25/27] 127.0.0.1 () {32 vars in 345 bytes} [Wed May  9 15:10:28 2018] GET / => generated 13 bytes in 0 msecs (HTTP/1.1 200) 2 headers in 79 bytes (1 switches on core 10)
[pid: 26077|app: 0|req: 26/28] 127.0.0.1 () {32 vars in 345 bytes} [Wed May  9 15:10:29 2018] GET / => generated 13 bytes in 0 msecs (HTTP/1.1 200) 2 headers in 79 bytes (1 switches on core 14)
[pid: 26077|app: 0|req: 27/29] 127.0.0.1 () {32 vars in 345 bytes} [Wed May  9 15:10:29 2018] GET / => generated 13 bytes in 0 msecs (HTTP/1.1 200) 2 headers in 79 bytes (1 switches on core 13)
[pid: 26077|app: 0|req: 28/30] 127.0.0.1 () {32 vars in 345 bytes} [Wed May  9 15:10:29 2018] GET / => generated 13 bytes in 0 msecs (HTTP/1.1 200) 2 headers in 79 bytes (1 switches on core 13)
[pid: 26076|app: 0|req: 1/31] 127.0.0.1 () {32 vars in 345 bytes} [Wed May  9 15:10:30 2018] GET / => generated 13 bytes in 4 msecs (HTTP/1.1 200) 2 headers in 79 bytes (1 switches on core 1)
[pid: 26077|app: 0|req: 29/32] 127.0.0.1 () {32 vars in 345 bytes} [Wed May  9 15:10:30 2018] GET / => generated 13 bytes in 1 msecs (HTTP/1.1 200) 2 headers in 79 bytes (1 switches on core 4)
[pid: 26077|app: 0|req: 30/33] 127.0.0.1 () {32 vars in 345 bytes} [Wed May  9 15:10:30 2018] GET / => generated 13 bytes in 0 msecs (HTTP/1.1 200) 2 headers in 79 bytes (1 switches on core 2)
[pid: 26075|app: 0|req: 3/34] 127.0.0.1 () {32 vars in 345 bytes} [Wed May  9 15:10:31 2018] GET / => generated 13 bytes in 0 msecs (HTTP/1.1 200) 2 headers in 79 bytes (1 switches on core 2)
[pid: 26077|app: 0|req: 31/35] 127.0.0.1 () {32 vars in 345 bytes} [Wed May  9 15:10:31 2018] GET / => generated 13 bytes in 0 msecs (HTTP/1.1 200) 2 headers in 79 bytes (1 switches on core 6)
[pid: 26077|app: 0|req: 32/36] 127.0.0.1 () {32 vars in 345 bytes} [Wed May  9 15:10:31 2018] GET / => generated 13 bytes in 0 msecs (HTTP/1.1 200) 2 headers in 79 bytes (1 switches on core 3)
[pid: 26077|app: 0|req: 33/37] 127.0.0.1 () {32 vars in 345 bytes} [Wed May  9 15:10:31 2018] GET / => generated 13 bytes in 0 msecs (HTTP/1.1 200) 2 headers in 79 bytes (1 switches on core 3)
[pid: 26074|app: 0|req: 1/38] 127.0.0.1 () {32 vars in 345 bytes} [Wed May  9 15:10:31 2018] GET / => generated 13 bytes in 1 msecs (HTTP/1.1 200) 2 headers in 79 bytes (1 switches on core 0)
[pid: 26077|app: 0|req: 34/39] 127.0.0.1 () {32 vars in 345 bytes} [Wed May  9 15:10:32 2018] GET / => generated 13 bytes in 0 msecs (HTTP/1.1 200) 2 headers in 79 bytes (1 switches on core 3)
[pid: 26077|app: 0|req: 35/40] 127.0.0.1 () {32 vars in 345 bytes} [Wed May  9 15:10:32 2018] GET / => generated 13 bytes in 0 msecs (HTTP/1.1 200) 2 headers in 79 bytes (1 switches on core 8)
[pid: 26077|app: 0|req: 36/41] 127.0.0.1 () {32 vars in 345 bytes} [Wed May  9 15:10:32 2018] GET / => generated 13 bytes in 0 msecs (HTTP/1.1 200) 2 headers in 79 bytes (1 switches on core 9)
[pid: 26077|app: 0|req: 37/42] 127.0.0.1 () {32 vars in 345 bytes} [Wed May  9 15:10:38 2018] GET / => generated 13 bytes in 0 msecs (HTTP/1.1 200) 2 headers in 79 bytes (1 switches on core 11)
[pid: 26077|app: 0|req: 38/43] 127.0.0.1 () {32 vars in 345 bytes} [Wed May  9 15:10:38 2018] GET / => generated 13 bytes in 0 msecs (HTTP/1.1 200) 2 headers in 79 bytes (1 switches on core 11)
[pid: 26077|app: 0|req: 39/44] 127.0.0.1 () {32 vars in 345 bytes} [Wed May  9 15:10:39 2018] GET / => generated 13 bytes in 0 msecs (HTTP/1.1 200) 2 headers in 79 bytes (1 switches on core 19)
[pid: 26077|app: 0|req: 40/45] 127.0.0.1 () {32 vars in 345 bytes} [Wed May  9 15:10:39 2018] GET / => generated 13 bytes in 0 msecs (HTTP/1.1 200) 2 headers in 79 bytes (1 switches on core 18)
[pid: 26077|app: 0|req: 41/46] 127.0.0.1 () {32 vars in 345 bytes} [Wed May  9 15:10:39 2018] GET / => generated 13 bytes in 0 msecs (HTTP/1.1 200) 2 headers in 79 bytes (1 switches on core 18)
[pid: 26077|app: 0|req: 42/47] 127.0.0.1 () {32 vars in 345 bytes} [Wed May  9 15:10:39 2018] GET / => generated 13 bytes in 0 msecs (HTTP/1.1 200) 2 headers in 79 bytes (1 switches on core 0)
[pid: 26077|app: 0|req: 43/48] 127.0.0.1 () {32 vars in 345 bytes} [Wed May  9 15:10:39 2018] GET / => generated 13 bytes in 0 msecs (HTTP/1.1 200) 2 headers in 79 bytes (1 switches on core 5)
[pid: 26077|app: 0|req: 44/49] 127.0.0.1 () {32 vars in 345 bytes} [Wed May  9 15:11:02 2018] GET / => generated 13 bytes in 0 msecs (HTTP/1.1 200) 2 headers in 79 bytes (1 switches on core 12)
[pid: 25941|app: 0|req: 4/5] 127.0.0.1 () {32 vars in 345 bytes} [Wed May  9 15:11:02 2018] GET / => generated 15 bytes in 0 msecs (HTTP/1.1 200) 2 headers in 79 bytes (1 switches on core 5)
[pid: 26077|app: 0|req: 45/50] 127.0.0.1 () {32 vars in 345 bytes} [Wed May  9 15:11:02 2018] GET / => generated 13 bytes in 0 msecs (HTTP/1.1 200) 2 headers in 79 bytes (1 switches on core 10)
[pid: 26077|app: 0|req: 46/51] 127.0.0.1 () {32 vars in 345 bytes} [Wed May  9 15:11:02 2018] GET / => generated 13 bytes in 0 msecs (HTTP/1.1 200) 2 headers in 79 bytes (1 switches on core 10)
[pid: 26076|app: 0|req: 2/52] 127.0.0.1 () {32 vars in 345 bytes} [Wed May  9 15:11:02 2018] GET / => generated 13 bytes in 0 msecs (HTTP/1.1 200) 2 headers in 79 bytes (1 switches on core 16)
[pid: 25941|app: 0|req: 5/6] 127.0.0.1 () {32 vars in 345 bytes} [Wed May  9 15:11:03 2018] GET / => generated 15 bytes in 0 msecs (HTTP/1.1 200) 2 headers in 79 bytes (1 switches on core 5)
[pid: 25941|app: 0|req: 6/7] 127.0.0.1 () {32 vars in 345 bytes} [Wed May  9 15:11:03 2018] GET / => generated 15 bytes in 0 msecs (HTTP/1.1 200) 2 headers in 79 bytes (1 switches on core 5)
[pid: 26076|app: 0|req: 3/53] 127.0.0.1 () {32 vars in 345 bytes} [Wed May  9 15:11:07 2018] GET / => generated 13 bytes in 1 msecs (HTTP/1.1 200) 2 headers in 79 bytes (1 switches on core 4)
[pid: 26077|app: 0|req: 47/54] 127.0.0.1 () {32 vars in 345 bytes} [Wed May  9 15:11:07 2018] GET / => generated 13 bytes in 2 msecs (HTTP/1.1 200) 2 headers in 79 bytes (1 switches on core 15)
[pid: 26077|app: 0|req: 48/55] 127.0.0.1 () {32 vars in 345 bytes} [Wed May  9 15:11:08 2018] GET / => generated 13 bytes in 0 msecs (HTTP/1.1 200) 2 headers in 79 bytes (1 switches on core 4)
[pid: 26077|app: 0|req: 49/56] 127.0.0.1 () {32 vars in 345 bytes} [Wed May  9 15:11:08 2018] GET / => generated 13 bytes in 0 msecs (HTTP/1.1 200) 2 headers in 79 bytes (1 switches on core 4)
[pid: 25941|app: 0|req: 7/8] 127.0.0.1 () {32 vars in 345 bytes} [Wed May  9 15:11:08 2018] GET / => generated 15 bytes in 0 msecs (HTTP/1.1 200) 2 headers in 79 bytes (1 switches on core 5)
[pid: 25941|app: 0|req: 8/9] 127.0.0.1 () {32 vars in 345 bytes} [Wed May  9 15:11:08 2018] GET / => generated 15 bytes in 1 msecs (HTTP/1.1 200) 2 headers in 79 bytes (1 switches on core 5)
[pid: 26077|app: 0|req: 50/57] 127.0.0.1 () {32 vars in 345 bytes} [Wed May  9 15:11:08 2018] GET / => generated 13 bytes in 0 msecs (HTTP/1.1 200) 2 headers in 79 bytes (1 switches on core 6)
[pid: 26077|app: 0|req: 51/58] 127.0.0.1 () {32 vars in 345 bytes} [Wed May  9 15:11:08 2018] GET / => generated 13 bytes in 0 msecs (HTTP/1.1 200) 2 headers in 79 bytes (1 switches on core 7)
[pid: 26077|app: 0|req: 52/59] 127.0.0.1 () {32 vars in 345 bytes} [Wed May  9 15:11:09 2018] GET / => generated 13 bytes in 0 msecs (HTTP/1.1 200) 2 headers in 79 bytes (1 switches on core 17)
[pid: 26077|app: 0|req: 53/60] 127.0.0.1 () {32 vars in 345 bytes} [Wed May  9 15:11:09 2018] GET / => generated 13 bytes in 0 msecs (HTTP/1.1 200) 2 headers in 79 bytes (1 switches on core 3)
[pid: 26077|app: 0|req: 54/61] 127.0.0.1 () {32 vars in 345 bytes} [Wed May  9 15:11:09 2018] GET / => generated 13 bytes in 0 msecs (HTTP/1.1 200) 2 headers in 79 bytes (1 switches on core 8)
[pid: 26077|app: 0|req: 55/62] 127.0.0.1 () {32 vars in 345 bytes} [Wed May  9 15:11:09 2018] GET / => generated 13 bytes in 0 msecs (HTTP/1.1 200) 2 headers in 79 bytes (1 switches on core 9)
[pid: 26077|app: 0|req: 56/63] 127.0.0.1 () {32 vars in 345 bytes} [Wed May  9 15:11:10 2018] GET / => generated 13 bytes in 1 msecs (HTTP/1.1 200) 2 headers in 79 bytes (1 switches on core 16)
[pid: 26077|app: 0|req: 57/64] 127.0.0.1 () {32 vars in 345 bytes} [Wed May  9 15:11:10 2018] GET / => generated 13 bytes in 0 msecs (HTTP/1.1 200) 2 headers in 79 bytes (1 switches on core 11)
[pid: 26077|app: 0|req: 58/65] 127.0.0.1 () {32 vars in 345 bytes} [Wed May  9 15:11:10 2018] GET / => generated 13 bytes in 0 msecs (HTTP/1.1 200) 2 headers in 79 bytes (1 switches on core 19)
[pid: 25941|app: 0|req: 9/10] 127.0.0.1 () {32 vars in 345 bytes} [Wed May  9 15:11:10 2018] GET / => generated 15 bytes in 0 msecs (HTTP/1.1 200) 2 headers in 79 bytes (1 switches on core 5)
[pid: 26076|app: 0|req: 4/66] 127.0.0.1 () {32 vars in 345 bytes} [Wed May  9 15:11:10 2018] GET / => generated 13 bytes in 1 msecs (HTTP/1.1 200) 2 headers in 79 bytes (1 switches on core 18)
[pid: 26077|app: 0|req: 59/67] 127.0.0.1 () {32 vars in 345 bytes} [Wed May  9 15:11:11 2018] GET / => generated 13 bytes in 2 msecs (HTTP/1.1 200) 2 headers in 79 bytes (1 switches on core 1)
[pid: 26077|app: 0|req: 60/68] 127.0.0.1 () {32 vars in 345 bytes} [Wed May  9 15:11:11 2018] GET / => generated 13 bytes in 0 msecs (HTTP/1.1 200) 2 headers in 79 bytes (1 switches on core 18)
[pid: 26077|app: 0|req: 61/69] 127.0.0.1 () {32 vars in 345 bytes} [Wed May  9 15:11:11 2018] GET / => generated 13 bytes in 0 msecs (HTTP/1.1 200) 2 headers in 79 bytes (1 switches on core 0)
[pid: 26077|app: 0|req: 62/70] 127.0.0.1 () {32 vars in 345 bytes} [Wed May  9 15:11:11 2018] GET / => generated 13 bytes in 0 msecs (HTTP/1.1 200) 2 headers in 79 bytes (1 switches on core 5)
[pid: 25941|app: 0|req: 10/11] 127.0.0.1 () {32 vars in 345 bytes} [Wed May  9 15:11:11 2018] GET / => generated 15 bytes in 1 msecs (HTTP/1.1 200) 2 headers in 79 bytes (1 switches on core 5)
[pid: 26077|app: 0|req: 63/71] 127.0.0.1 () {32 vars in 345 bytes} [Wed May  9 15:11:11 2018] GET / => generated 13 bytes in 0 msecs (HTTP/1.1 200) 2 headers in 79 bytes (1 switches on core 12)
[pid: 26077|app: 0|req: 64/72] 127.0.0.1 () {32 vars in 345 bytes} [Wed May  9 15:11:12 2018] GET / => generated 13 bytes in 0 msecs (HTTP/1.1 200) 2 headers in 79 bytes (1 switches on core 14)
[pid: 26077|app: 0|req: 65/73] 127.0.0.1 () {32 vars in 345 bytes} [Wed May  9 15:11:12 2018] GET / => generated 13 bytes in 1 msecs (HTTP/1.1 200) 2 headers in 79 bytes (1 switches on core 14)
[pid: 26077|app: 0|req: 66/74] 127.0.0.1 () {32 vars in 345 bytes} [Wed May  9 15:11:12 2018] GET / => generated 13 bytes in 1 msecs (HTTP/1.1 200) 2 headers in 79 bytes (1 switches on core 13)
[pid: 26077|app: 0|req: 67/75] 127.0.0.1 () {32 vars in 345 bytes} [Wed May  9 15:11:12 2018] GET / => generated 13 bytes in 1 msecs (HTTP/1.1 200) 2 headers in 79 bytes (1 switches on core 15)
[pid: 26077|app: 0|req: 68/76] 127.0.0.1 () {32 vars in 345 bytes} [Wed May  9 15:11:12 2018] GET / => generated 13 bytes in 0 msecs (HTTP/1.1 200) 2 headers in 79 bytes (1 switches on core 2)
[pid: 26077|app: 0|req: 69/77] 127.0.0.1 () {32 vars in 345 bytes} [Wed May  9 15:11:13 2018] GET / => generated 13 bytes in 0 msecs (HTTP/1.1 200) 2 headers in 79 bytes (1 switches on core 4)
[pid: 25920|app: 0|req: 1/12] 127.0.0.1 () {32 vars in 345 bytes} [Wed May  9 15:11:13 2018] GET / => generated 15 bytes in 2 msecs (HTTP/1.1 200) 2 headers in 79 bytes (1 switches on core 0)
[pid: 26077|app: 0|req: 70/78] 127.0.0.1 () {32 vars in 345 bytes} [Wed May  9 15:11:13 2018] GET / => generated 13 bytes in 0 msecs (HTTP/1.1 200) 2 headers in 79 bytes (1 switches on core 4)
[pid: 26076|app: 0|req: 5/79] 127.0.0.1 () {32 vars in 345 bytes} [Wed May  9 15:11:13 2018] GET / => generated 13 bytes in 0 msecs (HTTP/1.1 200) 2 headers in 79 bytes (1 switches on core 10)
[pid: 26077|app: 0|req: 71/80] 127.0.0.1 () {32 vars in 345 bytes} [Wed May  9 15:11:13 2018] GET / => generated 13 bytes in 0 msecs (HTTP/1.1 200) 2 headers in 79 bytes (1 switches on core 4)
[pid: 25920|app: 0|req: 2/13] 127.0.0.1 () {32 vars in 345 bytes} [Wed May  9 15:11:13 2018] GET / => generated 15 bytes in 0 msecs (HTTP/1.1 200) 2 headers in 79 bytes (1 switches on core 0)
[pid: 26077|app: 0|req: 72/81] 127.0.0.1 () {32 vars in 345 bytes} [Wed May  9 15:11:14 2018] GET / => generated 13 bytes in 0 msecs (HTTP/1.1 200) 2 headers in 79 bytes (1 switches on core 17)
[pid: 25920|app: 0|req: 3/14] 127.0.0.1 () {32 vars in 345 bytes} [Wed May  9 15:11:14 2018] GET / => generated 15 bytes in 0 msecs (HTTP/1.1 200) 2 headers in 79 bytes (1 switches on core 0)
[pid: 26077|app: 0|req: 73/82] 127.0.0.1 () {32 vars in 345 bytes} [Wed May  9 15:11:14 2018] GET / => generated 13 bytes in 0 msecs (HTTP/1.1 200) 2 headers in 79 bytes (1 switches on core 3)
[pid: 26077|app: 0|req: 74/83] 127.0.0.1 () {32 vars in 345 bytes} [Wed May  9 15:11:14 2018] GET / => generated 13 bytes in 0 msecs (HTTP/1.1 200) 2 headers in 79 bytes (1 switches on core 8)
[pid: 26077|app: 0|req: 75/84] 127.0.0.1 () {32 vars in 345 bytes} [Wed May  9 15:11:14 2018] GET / => generated 13 bytes in 0 msecs (HTTP/1.1 200) 2 headers in 79 bytes (1 switches on core 9)
[pid: 26077|app: 0|req: 76/85] 127.0.0.1 () {32 vars in 345 bytes} [Wed May  9 15:11:15 2018] GET / => generated 13 bytes in 0 msecs (HTTP/1.1 200) 2 headers in 79 bytes (1 switches on core 9)
[pid: 26077|app: 0|req: 77/86] 127.0.0.1 () {32 vars in 345 bytes} [Wed May  9 15:11:15 2018] GET / => generated 13 bytes in 2 msecs (HTTP/1.1 200) 2 headers in 79 bytes (1 switches on core 11)
[pid: 26077|app: 0|req: 78/87] 127.0.0.1 () {32 vars in 345 bytes} [Wed May  9 15:11:15 2018] GET / => generated 13 bytes in 0 msecs (HTTP/1.1 200) 2 headers in 79 bytes (1 switches on core 19)
[pid: 26077|app: 0|req: 79/88] 127.0.0.1 () {32 vars in 345 bytes} [Wed May  9 15:11:15 2018] GET / => generated 13 bytes in 0 msecs (HTTP/1.1 200) 2 headers in 79 bytes (1 switches on core 1)
[pid: 26077|app: 0|req: 80/89] 127.0.0.1 () {32 vars in 345 bytes} [Wed May  9 15:11:16 2018] GET / => generated 13 bytes in 0 msecs (HTTP/1.1 200) 2 headers in 79 bytes (1 switches on core 18)
[pid: 26076|app: 0|req: 6/90] 127.0.0.1 () {32 vars in 345 bytes} [Wed May  9 15:11:17 2018] GET / => generated 13 bytes in 0 msecs (HTTP/1.1 200) 2 headers in 79 bytes (1 switches on core 17)
...brutally killing workers...
worker 1 buried after 1 seconds
worker 2 buried after 1 seconds
worker 3 buried after 1 seconds
worker 4 buried after 1 seconds
binary reloading uWSGI...
chdir() to /home/jnaud/var/github/snippet/softs_web/ngnix/examples/uwsgi_flask
closing all non-uwsgi socket fds > 2 (max_fd = 1024)...
found fd 5 mapped to socket 0 (:3031)
running /home/jnaud/var/github/snippet/venv/bin/uwsgi
[uWSGI] getting INI configuration from uwsgi.ini
*** Starting uWSGI 2.0.17 (64bit) on [Wed May  9 16:43:08 2018] ***
compiled with version: 5.4.0 20160609 on 09 May 2018 09:38:38
os: Linux-4.4.0-21-generic #37-Ubuntu SMP Mon Apr 18 18:33:37 UTC 2016
nodename: edugastp
machine: x86_64
clock source: unix
pcre jit disabled
detected number of CPU cores: 4
current working directory: /home/jnaud/var/github/snippet/softs_web/ngnix/examples/uwsgi_flask
detected binary path: /home/jnaud/var/github/snippet/venv/bin/uwsgi
chdir() to .
your processes number limit is 31442
your memory page size is 4096 bytes
 *** WARNING: you have enabled harakiri without post buffering. Slow upload could be rejected on post-unbuffered webservers *** 
detected max file descriptor number: 1024
lock engine: pthread robust mutexes
thunder lock: disabled (you can enable it with --thunder-lock)
uwsgi socket 0 inherited INET address :3031 fd 5
Python version: 3.5.4 (default, Sep 25 2017, 10:28:20)  [GCC 5.4.0 20160609]
Set PythonHome to /home/jnaud/var/github/snippet/venv
Python main interpreter initialized at 0x28a18e0
python threads support enabled
your server socket listen backlog is limited to 100 connections
your mercy for graceful operations on workers is 60 seconds
mapped 1357920 bytes (1326 KB) for 80 cores
*** Operational MODE: preforking+threaded ***
WSGI app 0 (mountpoint='') ready in 0 seconds on interpreter 0x28a18e0 pid: 25916 (default app)
*** uWSGI is running in multiple interpreter mode ***
gracefully (RE)spawned uWSGI master process (pid: 25916)
spawned uWSGI worker 1 (pid: 31519, cores: 20)
spawned uWSGI worker 2 (pid: 31520, cores: 20)
spawned uWSGI worker 3 (pid: 31521, cores: 20)
spawned uWSGI worker 4 (pid: 31535, cores: 20)
Wed May  9 16:43:12 2018 - uWSGI worker 4 screams: UAAAAAAH my master disconnected: i will kill myself !!!
Wed May  9 16:43:12 2018 - uWSGI worker 2 screams: UAAAAAAH my master disconnected: i will kill myself !!!
Wed May  9 16:43:12 2018 - uWSGI worker 2 screams: UAAAAAAH my master disconnected: i will kill myself !!!
Wed May  9 16:43:12 2018 - uWSGI worker 3 screams: UAAAAAAH my master disconnected: i will kill myself !!!
Wed May  9 16:43:12 2018 - uWSGI worker 2 screams: UAAAAAAH my master disconnected: i will kill myself !!!
Wed May  9 16:43:12 2018 - uWSGI worker 4 screams: UAAAAAAH my master disconnected: i will kill myself !!!
Wed May  9 16:43:12 2018 - uWSGI worker 3 screams: UAAAAAAH my master disconnected: i will kill myself !!!
Wed May  9 16:43:12 2018 - uWSGI worker 1 screams: UAAAAAAH my master disconnected: i will kill myself !!!
Wed May  9 16:43:12 2018 - uWSGI worker 1 screams: UAAAAAAH my master disconnected: i will kill myself !!!
Wed May  9 16:43:12 2018 - uWSGI worker 1 screams: UAAAAAAH my master disconnected: i will kill myself !!!
Wed May  9 16:43:12 2018 - uWSGI worker 1 screams: UAAAAAAH my master disconnected: i will kill myself !!!
...brutally killing workers...
worker 1 buried after 1 seconds
worker 2 buried after 1 seconds
worker 3 buried after 1 seconds
worker 4 buried after 1 seconds
binary reloading uWSGI...
chdir() to /home/jnaud/var/github/snippet/softs_web/ngnix/examples/uwsgi_flask
closing all non-uwsgi socket fds > 2 (max_fd = 1024)...
found fd 5 mapped to socket 0 (:3031)
running /home/jnaud/var/github/snippet/venv/bin/uwsgi
[uWSGI] getting INI configuration from uwsgi.ini
*** Starting uWSGI 2.0.17 (64bit) on [Wed May  9 16:43:28 2018] ***
compiled with version: 5.4.0 20160609 on 09 May 2018 09:38:38
os: Linux-4.4.0-21-generic #37-Ubuntu SMP Mon Apr 18 18:33:37 UTC 2016
nodename: edugastp
machine: x86_64
clock source: unix
pcre jit disabled
detected number of CPU cores: 4
current working directory: /home/jnaud/var/github/snippet/softs_web/ngnix/examples/uwsgi_flask
detected binary path: /home/jnaud/var/github/snippet/venv/bin/uwsgi
chdir() to .
your processes number limit is 31442
your memory page size is 4096 bytes
 *** WARNING: you have enabled harakiri without post buffering. Slow upload could be rejected on post-unbuffered webservers *** 
detected max file descriptor number: 1024
lock engine: pthread robust mutexes
thunder lock: disabled (you can enable it with --thunder-lock)
uwsgi socket 0 inherited INET address :3031 fd 5
Python version: 3.5.4 (default, Sep 25 2017, 10:28:20)  [GCC 5.4.0 20160609]
Set PythonHome to /home/jnaud/var/github/snippet/venv
Python main interpreter initialized at 0x201a8e0
python threads support enabled
your server socket listen backlog is limited to 100 connections
your mercy for graceful operations on workers is 60 seconds
mapped 1357920 bytes (1326 KB) for 80 cores
*** Operational MODE: preforking+threaded ***
WSGI app 0 (mountpoint='') ready in 0 seconds on interpreter 0x201a8e0 pid: 26070 (default app)
*** uWSGI is running in multiple interpreter mode ***
gracefully (RE)spawned uWSGI master process (pid: 26070)
spawned uWSGI worker 1 (pid: 31616, cores: 20)
spawned uWSGI worker 2 (pid: 31617, cores: 20)
spawned uWSGI worker 3 (pid: 31618, cores: 20)
spawned uWSGI worker 4 (pid: 31638, cores: 20)
Wed May  9 16:43:29 2018 - uWSGI worker 4 screams: UAAAAAAH my master disconnected: i will kill myself !!!
Wed May  9 16:43:29 2018 - uWSGI worker 1 screams: UAAAAAAH my master disconnected: i will kill myself !!!
Wed May  9 16:43:29 2018 - uWSGI worker 3 screams: UAAAAAAH my master disconnected: i will kill myself !!!
Wed May  9 16:43:29 2018 - uWSGI worker 4 screams: UAAAAAAH my master disconnected: i will kill myself !!!
Wed May  9 16:43:29 2018 - uWSGI worker 3 screams: UAAAAAAH my master disconnected: i will kill myself !!!
Wed May  9 16:43:29 2018 - uWSGI worker 2 screams: UAAAAAAH my master disconnected: i will kill myself !!!
Wed May  9 16:43:29 2018 - uWSGI worker 2 screams: UAAAAAAH my master disconnected: i will kill myself !!!
Wed May  9 16:43:29 2018 - uWSGI worker 1 screams: UAAAAAAH my master disconnected: i will kill myself !!!
Wed May  9 16:43:29 2018 - uWSGI worker 1 screams: UAAAAAAH my master disconnected: i will kill myself !!!
